C:\USERS\SCOTT CHEN\DOWNLOADS\CG_ASSIGN1\ASSIGN1\DEBUG\ASSIGN1.EXE.EMBED.MANIFEST
C:\USERS\SCOTT CHEN\DOWNLOADS\CG_ASSIGN1\ASSIGN1\DEBUG\ASSIGN1.EXE.EMBED.MANIFEST.RES
C:\USERS\SCOTT CHEN\DOWNLOADS\CG_ASSIGN1\ASSIGN1\DEBUG\ASSIGN1.EXE.INTERMEDIATE.MANIFEST
C:\USERS\SCOTT CHEN\DOWNLOADS\CG_ASSIGN1\ASSIGN1\DEBUG\ASSIGN1.OBJ
C:\Users\Scott Chen\Downloads\CG_Assign1\assign1\Debug\assign1_manifest.rc
C:\Users\Scott Chen\Downloads\CG_Assign1\assign1\Debug\cl.command.1.tlog
C:\Users\Scott Chen\Downloads\CG_Assign1\assign1\Debug\CL.read.1.tlog
C:\Users\Scott Chen\Downloads\CG_Assign1\assign1\Debug\CL.write.1.tlog
C:\Users\Scott Chen\Downloads\CG_Assign1\assign1\Debug\link.6820.read.1.tlog
C:\Users\Scott Chen\Downloads\CG_Assign1\assign1\Debug\link.6820.write.1.tlog
C:\Users\Scott Chen\Downloads\CG_Assign1\assign1\Debug\link.6820-cvtres.read.1.tlog
C:\Users\Scott Chen\Downloads\CG_Assign1\assign1\Debug\link.6820-cvtres.write.1.tlog
C:\Users\Scott Chen\Downloads\CG_Assign1\assign1\Debug\link.7876.read.1.tlog
C:\Users\Scott Chen\Downloads\CG_Assign1\assign1\Debug\link.7876.write.1.tlog
C:\Users\Scott Chen\Downloads\CG_Assign1\assign1\Debug\link.7876-cvtres.read.1.tlog
C:\Users\Scott Chen\Downloads\CG_Assign1\assign1\Debug\link.7876-cvtres.write.1.tlog
C:\Users\Scott Chen\Downloads\CG_Assign1\assign1\Debug\link.command.1.tlog
C:\Users\Scott Chen\Downloads\CG_Assign1\assign1\Debug\link.read.1.tlog
C:\Users\Scott Chen\Downloads\CG_Assign1\assign1\Debug\link.write.1.tlog
C:\Users\Scott Chen\Downloads\CG_Assign1\assign1\Debug\mt.command.1.tlog
C:\Users\Scott Chen\Downloads\CG_Assign1\assign1\Debug\mt.read.1.tlog
C:\Users\Scott Chen\Downloads\CG_Assign1\assign1\Debug\mt.write.1.tlog
C:\Users\Scott Chen\Downloads\CG_Assign1\assign1\Debug\rc.command.1.tlog
C:\Users\Scott Chen\Downloads\CG_Assign1\assign1\Debug\rc.read.1.tlog
C:\Users\Scott Chen\Downloads\CG_Assign1\assign1\Debug\rc.write.1.tlog
C:\USERS\SCOTT CHEN\DOWNLOADS\CG_ASSIGN1\ASSIGN1\DEBUG\STDAFX.OBJ
C:\Users\Scott Chen\Downloads\CG_Assign1\assign1\Debug\vc100.idb
C:\USERS\SCOTT CHEN\DOWNLOADS\CG_ASSIGN1\ASSIGN1\DEBUG\VC100.PDB
C:\USERS\SCOTT CHEN\DOWNLOADS\CG_ASSIGN1\DEBUG\ASSIGN1.EXE
C:\USERS\SCOTT CHEN\DOWNLOADS\CG_ASSIGN1\DEBUG\ASSIGN1.ILK
C:\USERS\SCOTT CHEN\DOWNLOADS\CG_ASSIGN1\DEBUG\ASSIGN1.PDB
