E:\2012 fall\CSCI480\Assignment\CG_Assign1\assign1\Debug\cl.command.1.tlog
E:\2012 fall\CSCI480\Assignment\CG_Assign1\assign1\Debug\CL.read.1.tlog
E:\2012 fall\CSCI480\Assignment\CG_Assign1\assign1\Debug\CL.write.1.tlog
E:\2012 FALL\CSCI480\ASSIGNMENT\CG_ASSIGN1\ASSIGN1\DEBUG\HEIGHTFIELD.EXE.EMBED.MANIFEST
E:\2012 FALL\CSCI480\ASSIGNMENT\CG_ASSIGN1\ASSIGN1\DEBUG\HEIGHTFIELD.EXE.EMBED.MANIFEST.RES
E:\2012 FALL\CSCI480\ASSIGNMENT\CG_ASSIGN1\ASSIGN1\DEBUG\HEIGHTFIELD.EXE.INTERMEDIATE.MANIFEST
E:\2012 FALL\CSCI480\ASSIGNMENT\CG_ASSIGN1\ASSIGN1\DEBUG\HEIGHTFIELD.OBJ
E:\2012 fall\CSCI480\Assignment\CG_Assign1\assign1\Debug\HeightField_manifest.rc
E:\2012 fall\CSCI480\Assignment\CG_Assign1\assign1\Debug\link.2744.read.1.tlog
E:\2012 fall\CSCI480\Assignment\CG_Assign1\assign1\Debug\link.2744.write.1.tlog
E:\2012 fall\CSCI480\Assignment\CG_Assign1\assign1\Debug\link.2744-cvtres.read.1.tlog
E:\2012 fall\CSCI480\Assignment\CG_Assign1\assign1\Debug\link.2744-cvtres.write.1.tlog
E:\2012 fall\CSCI480\Assignment\CG_Assign1\assign1\Debug\link.3964.read.1.tlog
E:\2012 fall\CSCI480\Assignment\CG_Assign1\assign1\Debug\link.3964.write.1.tlog
E:\2012 fall\CSCI480\Assignment\CG_Assign1\assign1\Debug\link.3964-cvtres.read.1.tlog
E:\2012 fall\CSCI480\Assignment\CG_Assign1\assign1\Debug\link.3964-cvtres.write.1.tlog
E:\2012 fall\CSCI480\Assignment\CG_Assign1\assign1\Debug\link.command.1.tlog
E:\2012 fall\CSCI480\Assignment\CG_Assign1\assign1\Debug\link.read.1.tlog
E:\2012 fall\CSCI480\Assignment\CG_Assign1\assign1\Debug\link.write.1.tlog
E:\2012 fall\CSCI480\Assignment\CG_Assign1\assign1\Debug\mt.command.1.tlog
E:\2012 fall\CSCI480\Assignment\CG_Assign1\assign1\Debug\mt.read.1.tlog
E:\2012 fall\CSCI480\Assignment\CG_Assign1\assign1\Debug\mt.write.1.tlog
E:\2012 fall\CSCI480\Assignment\CG_Assign1\assign1\Debug\rc.command.1.tlog
E:\2012 fall\CSCI480\Assignment\CG_Assign1\assign1\Debug\rc.read.1.tlog
E:\2012 fall\CSCI480\Assignment\CG_Assign1\assign1\Debug\rc.write.1.tlog
E:\2012 FALL\CSCI480\ASSIGNMENT\CG_ASSIGN1\ASSIGN1\DEBUG\STDAFX.OBJ
E:\2012 fall\CSCI480\Assignment\CG_Assign1\assign1\Debug\vc100.idb
E:\2012 FALL\CSCI480\ASSIGNMENT\CG_ASSIGN1\ASSIGN1\DEBUG\VC100.PDB
E:\2012 FALL\CSCI480\ASSIGNMENT\CG_ASSIGN1\DEBUG\HEIGHTFIELD.EXE
E:\2012 FALL\CSCI480\ASSIGNMENT\CG_ASSIGN1\DEBUG\HEIGHTFIELD.ILK
E:\2012 FALL\CSCI480\ASSIGNMENT\CG_ASSIGN1\DEBUG\HEIGHTFIELD.PDB
